2020-07-27 08:09:37,439 INFO  Logger.cs: 70 - 
--------------------------------------------------------------------------------
2020-07-27 08:09:37,469 INFO  Logger.cs: 71 - Logging commencing for SW2URDF exporter
2020-07-27 08:09:37,471 INFO  Logger.cs: 73 - Commit version 1.5.1-0-g916b5db
2020-07-27 08:09:37,471 INFO  Logger.cs: 74 - Build version 1.5.7152.31018
2020-07-27 08:09:37,498 INFO  SwAddin.cs: 250 - Adding Assembly export to file menu
2020-07-27 08:09:37,499 INFO  SwAddin.cs: 253 - Adding Part export to file menu
2020-07-27 08:09:37,519 INFO  SwAddin.cs: 218 - Connecting plugin to SolidWorks
2020-07-27 08:55:29,180 INFO  SwAddin.cs: 271 - Assembly export called for file 装配体1
2020-07-27 08:55:35,487 INFO  SwAddin.cs: 290 - Saving assembly
2020-07-27 08:55:35,595 INFO  SwAddin.cs: 293 - Opening property manager
2020-07-27 08:55:35,704 INFO  ExportHelperExtension.cs: 1131 - Retrieving features of type [CoordSys] from 装配体1
2020-07-27 08:55:35,785 INFO  ExportHelperExtension.cs: 1142 - Found 38 in 装配体1
2020-07-27 08:55:35,787 INFO  ExportHelperExtension.cs: 1152 - Found 0 features of type [CoordSys] in 装配体1
2020-07-27 08:55:35,788 INFO  ExportHelperExtension.cs: 1155 - Proceeding through assembly components
2020-07-27 08:55:35,790 INFO  ExportHelperExtension.cs: 1167 - 7 components to check
2020-07-27 08:55:35,792 INFO  ExportHelperExtension.cs: 1131 - Retrieving features of type [CoordSys] from 零件2-3
2020-07-27 08:55:35,793 INFO  ExportHelperExtension.cs: 1142 - Found 28 in 零件2-3
2020-07-27 08:55:35,795 INFO  ExportHelperExtension.cs: 1152 - Found 0 features of type [CoordSys] in 零件2-3
2020-07-27 08:55:35,795 INFO  ExportHelperExtension.cs: 1131 - Retrieving features of type [CoordSys] from 零件4-1
2020-07-27 08:55:35,797 INFO  ExportHelperExtension.cs: 1142 - Found 28 in 零件4-1
2020-07-27 08:55:35,798 INFO  ExportHelperExtension.cs: 1152 - Found 0 features of type [CoordSys] in 零件4-1
2020-07-27 08:55:35,799 INFO  ExportHelperExtension.cs: 1131 - Retrieving features of type [CoordSys] from 零件4-2
2020-07-27 08:55:35,800 INFO  ExportHelperExtension.cs: 1142 - Found 28 in 零件4-2
2020-07-27 08:55:35,803 INFO  ExportHelperExtension.cs: 1152 - Found 0 features of type [CoordSys] in 零件4-2
2020-07-27 08:55:35,804 INFO  ExportHelperExtension.cs: 1131 - Retrieving features of type [CoordSys] from 零件2-4
2020-07-27 08:55:35,846 INFO  ExportHelperExtension.cs: 1142 - Found 28 in 零件2-4
2020-07-27 08:55:35,847 INFO  ExportHelperExtension.cs: 1152 - Found 0 features of type [CoordSys] in 零件2-4
2020-07-27 08:55:35,848 INFO  ExportHelperExtension.cs: 1131 - Retrieving features of type [CoordSys] from 零件1-1
2020-07-27 08:55:35,848 INFO  ExportHelperExtension.cs: 1142 - Found 33 in 零件1-1
2020-07-27 08:55:35,849 INFO  ExportHelperExtension.cs: 1152 - Found 1 features of type [CoordSys] in 零件1-1
2020-07-27 08:55:35,849 INFO  ExportHelperExtension.cs: 1131 - Retrieving features of type [CoordSys] from 零件2-2
2020-07-27 08:55:35,849 INFO  ExportHelperExtension.cs: 1142 - Found 28 in 零件2-2
2020-07-27 08:55:35,850 INFO  ExportHelperExtension.cs: 1152 - Found 0 features of type [CoordSys] in 零件2-2
2020-07-27 08:55:35,850 INFO  ExportHelperExtension.cs: 1131 - Retrieving features of type [CoordSys] from 零件2-5
2020-07-27 08:55:35,851 INFO  ExportHelperExtension.cs: 1142 - Found 28 in 零件2-5
2020-07-27 08:55:35,851 INFO  ExportHelperExtension.cs: 1152 - Found 0 features of type [CoordSys] in 零件2-5
2020-07-27 08:55:35,859 INFO  ExportHelperExtension.cs: 1131 - Retrieving features of type [RefAxis] from 装配体1
2020-07-27 08:55:35,859 INFO  ExportHelperExtension.cs: 1142 - Found 38 in 装配体1
2020-07-27 08:55:35,860 INFO  ExportHelperExtension.cs: 1152 - Found 0 features of type [RefAxis] in 装配体1
2020-07-27 08:55:35,860 INFO  ExportHelperExtension.cs: 1155 - Proceeding through assembly components
2020-07-27 08:55:35,861 INFO  ExportHelperExtension.cs: 1167 - 7 components to check
2020-07-27 08:55:35,861 INFO  ExportHelperExtension.cs: 1131 - Retrieving features of type [RefAxis] from 零件2-3
2020-07-27 08:55:35,862 INFO  ExportHelperExtension.cs: 1142 - Found 28 in 零件2-3
2020-07-27 08:55:35,862 INFO  ExportHelperExtension.cs: 1152 - Found 0 features of type [RefAxis] in 零件2-3
2020-07-27 08:55:35,863 INFO  ExportHelperExtension.cs: 1131 - Retrieving features of type [RefAxis] from 零件4-1
2020-07-27 08:55:35,863 INFO  ExportHelperExtension.cs: 1142 - Found 28 in 零件4-1
2020-07-27 08:55:35,863 INFO  ExportHelperExtension.cs: 1152 - Found 0 features of type [RefAxis] in 零件4-1
2020-07-27 08:55:35,864 INFO  ExportHelperExtension.cs: 1131 - Retrieving features of type [RefAxis] from 零件4-2
2020-07-27 08:55:35,864 INFO  ExportHelperExtension.cs: 1142 - Found 28 in 零件4-2
2020-07-27 08:55:35,864 INFO  ExportHelperExtension.cs: 1152 - Found 0 features of type [RefAxis] in 零件4-2
2020-07-27 08:55:35,865 INFO  ExportHelperExtension.cs: 1131 - Retrieving features of type [RefAxis] from 零件2-4
2020-07-27 08:55:35,865 INFO  ExportHelperExtension.cs: 1142 - Found 28 in 零件2-4
2020-07-27 08:55:35,866 INFO  ExportHelperExtension.cs: 1152 - Found 0 features of type [RefAxis] in 零件2-4
2020-07-27 08:55:35,866 INFO  ExportHelperExtension.cs: 1131 - Retrieving features of type [RefAxis] from 零件1-1
2020-07-27 08:55:35,866 INFO  ExportHelperExtension.cs: 1142 - Found 33 in 零件1-1
2020-07-27 08:55:35,866 INFO  ExportHelperExtension.cs: 1152 - Found 0 features of type [RefAxis] in 零件1-1
2020-07-27 08:55:35,867 INFO  ExportHelperExtension.cs: 1131 - Retrieving features of type [RefAxis] from 零件2-2
2020-07-27 08:55:35,867 INFO  ExportHelperExtension.cs: 1142 - Found 28 in 零件2-2
2020-07-27 08:55:35,867 INFO  ExportHelperExtension.cs: 1152 - Found 0 features of type [RefAxis] in 零件2-2
2020-07-27 08:55:35,868 INFO  ExportHelperExtension.cs: 1131 - Retrieving features of type [RefAxis] from 零件2-5
2020-07-27 08:55:35,868 INFO  ExportHelperExtension.cs: 1142 - Found 28 in 零件2-5
2020-07-27 08:55:35,868 INFO  ExportHelperExtension.cs: 1152 - Found 0 features of type [RefAxis] in 零件2-5
2020-07-27 08:55:36,031 INFO  SwAddin.cs: 316 - Loading config tree
2020-07-27 08:55:36,036 INFO  ExportPropertyManagerExtension.cs: 597 - Starting new configuration
2020-07-27 08:55:36,038 INFO  SwAddin.cs: 321 - Showing property manager
2020-07-27 08:55:52,973 INFO  ExportPropertyManager.cs: 456 - Configuration saved
2020-07-27 08:55:54,474 INFO  ExportHelperExtension.cs: 1131 - Retrieving features of type [CoordSys] from 装配体1
2020-07-27 08:55:54,523 INFO  ExportHelperExtension.cs: 1142 - Found 41 in 装配体1
2020-07-27 08:55:54,523 INFO  ExportHelperExtension.cs: 1152 - Found 1 features of type [CoordSys] in 装配体1
2020-07-27 08:55:54,524 INFO  ExportHelperExtension.cs: 1155 - Proceeding through assembly components
2020-07-27 08:55:54,524 INFO  ExportHelperExtension.cs: 1167 - 7 components to check
2020-07-27 08:55:54,524 INFO  ExportHelperExtension.cs: 1131 - Retrieving features of type [CoordSys] from 零件2-3
2020-07-27 08:55:54,525 INFO  ExportHelperExtension.cs: 1142 - Found 28 in 零件2-3
2020-07-27 08:55:54,525 INFO  ExportHelperExtension.cs: 1152 - Found 0 features of type [CoordSys] in 零件2-3
2020-07-27 08:55:54,526 INFO  ExportHelperExtension.cs: 1131 - Retrieving features of type [CoordSys] from 零件4-1
2020-07-27 08:55:54,526 INFO  ExportHelperExtension.cs: 1142 - Found 28 in 零件4-1
2020-07-27 08:55:54,526 INFO  ExportHelperExtension.cs: 1152 - Found 0 features of type [CoordSys] in 零件4-1
2020-07-27 08:55:54,527 INFO  ExportHelperExtension.cs: 1131 - Retrieving features of type [CoordSys] from 零件4-2
2020-07-27 08:55:54,527 INFO  ExportHelperExtension.cs: 1142 - Found 28 in 零件4-2
2020-07-27 08:55:54,527 INFO  ExportHelperExtension.cs: 1152 - Found 0 features of type [CoordSys] in 零件4-2
2020-07-27 08:55:54,528 INFO  ExportHelperExtension.cs: 1131 - Retrieving features of type [CoordSys] from 零件2-4
2020-07-27 08:55:54,528 INFO  ExportHelperExtension.cs: 1142 - Found 28 in 零件2-4
2020-07-27 08:55:54,528 INFO  ExportHelperExtension.cs: 1152 - Found 0 features of type [CoordSys] in 零件2-4
2020-07-27 08:55:54,529 INFO  ExportHelperExtension.cs: 1131 - Retrieving features of type [CoordSys] from 零件1-1
2020-07-27 08:55:54,529 INFO  ExportHelperExtension.cs: 1142 - Found 33 in 零件1-1
2020-07-27 08:55:54,529 INFO  ExportHelperExtension.cs: 1152 - Found 1 features of type [CoordSys] in 零件1-1
2020-07-27 08:55:54,530 INFO  ExportHelperExtension.cs: 1131 - Retrieving features of type [CoordSys] from 零件2-2
2020-07-27 08:55:54,530 INFO  ExportHelperExtension.cs: 1142 - Found 28 in 零件2-2
2020-07-27 08:55:54,530 INFO  ExportHelperExtension.cs: 1152 - Found 0 features of type [CoordSys] in 零件2-2
2020-07-27 08:55:54,531 INFO  ExportHelperExtension.cs: 1131 - Retrieving features of type [CoordSys] from 零件2-5
2020-07-27 08:55:54,531 INFO  ExportHelperExtension.cs: 1142 - Found 28 in 零件2-5
2020-07-27 08:55:54,531 INFO  ExportHelperExtension.cs: 1152 - Found 0 features of type [CoordSys] in 零件2-5
2020-07-27 08:55:54,532 INFO  ExportHelperExtension.cs: 1131 - Retrieving features of type [RefAxis] from 装配体1
2020-07-27 08:55:54,532 INFO  ExportHelperExtension.cs: 1142 - Found 41 in 装配体1
2020-07-27 08:55:54,536 INFO  ExportHelperExtension.cs: 1152 - Found 0 features of type [RefAxis] in 装配体1
2020-07-27 08:55:54,536 INFO  ExportHelperExtension.cs: 1155 - Proceeding through assembly components
2020-07-27 08:55:54,536 INFO  ExportHelperExtension.cs: 1167 - 7 components to check
2020-07-27 08:55:54,537 INFO  ExportHelperExtension.cs: 1131 - Retrieving features of type [RefAxis] from 零件2-3
2020-07-27 08:55:54,565 INFO  ExportHelperExtension.cs: 1142 - Found 28 in 零件2-3
2020-07-27 08:55:54,566 INFO  ExportHelperExtension.cs: 1152 - Found 0 features of type [RefAxis] in 零件2-3
2020-07-27 08:55:54,566 INFO  ExportHelperExtension.cs: 1131 - Retrieving features of type [RefAxis] from 零件4-1
2020-07-27 08:55:54,567 INFO  ExportHelperExtension.cs: 1142 - Found 28 in 零件4-1
2020-07-27 08:55:54,567 INFO  ExportHelperExtension.cs: 1152 - Found 0 features of type [RefAxis] in 零件4-1
2020-07-27 08:55:54,567 INFO  ExportHelperExtension.cs: 1131 - Retrieving features of type [RefAxis] from 零件4-2
2020-07-27 08:55:54,568 INFO  ExportHelperExtension.cs: 1142 - Found 28 in 零件4-2
2020-07-27 08:55:54,568 INFO  ExportHelperExtension.cs: 1152 - Found 0 features of type [RefAxis] in 零件4-2
2020-07-27 08:55:54,568 INFO  ExportHelperExtension.cs: 1131 - Retrieving features of type [RefAxis] from 零件2-4
2020-07-27 08:55:54,569 INFO  ExportHelperExtension.cs: 1142 - Found 28 in 零件2-4
2020-07-27 08:55:54,569 INFO  ExportHelperExtension.cs: 1152 - Found 0 features of type [RefAxis] in 零件2-4
2020-07-27 08:55:54,569 INFO  ExportHelperExtension.cs: 1131 - Retrieving features of type [RefAxis] from 零件1-1
2020-07-27 08:55:54,570 INFO  ExportHelperExtension.cs: 1142 - Found 33 in 零件1-1
2020-07-27 08:55:54,570 INFO  ExportHelperExtension.cs: 1152 - Found 0 features of type [RefAxis] in 零件1-1
2020-07-27 08:55:54,570 INFO  ExportHelperExtension.cs: 1131 - Retrieving features of type [RefAxis] from 零件2-2
2020-07-27 08:55:54,571 INFO  ExportHelperExtension.cs: 1142 - Found 28 in 零件2-2
2020-07-27 08:55:54,571 INFO  ExportHelperExtension.cs: 1152 - Found 0 features of type [RefAxis] in 零件2-2
2020-07-27 08:55:54,572 INFO  ExportHelperExtension.cs: 1131 - Retrieving features of type [RefAxis] from 零件2-5
2020-07-27 08:55:54,572 INFO  ExportHelperExtension.cs: 1142 - Found 28 in 零件2-5
2020-07-27 08:55:54,573 INFO  ExportHelperExtension.cs: 1152 - Found 0 features of type [RefAxis] in 零件2-5
2020-07-27 08:55:54,594 INFO  ExportPropertyManager.cs: 1184 - AfterClose called. This method no longer throws an Exception. It just silently does nothing. Ok, except for this logging message
2020-07-27 08:56:01,966 INFO  AssemblyExportForm.cs: 254 - Completing URDF export
2020-07-27 08:56:01,972 INFO  Serialization.cs: 275 - URDF Configuration found
<Link z:Id="i1" xmlns="http://schemas.datacontract.org/2004/07/SW2URDF" xmlns:i="http://www.w3.org/2001/XMLSchema-instance" xmlns:z="http://schemas.microsoft.com/2003/10/Serialization/"><Attributes><Attribute z:Id="i2"><AttributeType>name</AttributeType><IsRequired>true</IsRequired><Value i:type="a:string" xmlns:a="http://www.w3.org/2001/XMLSchema">base_link</Value></Attribute></Attributes><ChildElements><URDFElement z:Id="i3" i:type="Inertial"><Attributes/><ChildElements><URDFElement z:Id="i4" i:type="Origin"><Attributes><Attribute z:Id="i5"><AttributeType>xyz</AttributeType><IsRequired>true</IsRequired><Value i:type="a:ArrayOfdouble" xmlns:a="http://schemas.microsoft.com/2003/10/Serialization/Arrays"><a:double>0</a:double><a:double>0</a:double><a:double>0</a:double></Value></Attribute><Attribute z:Id="i6"><AttributeType>rpy</AttributeType><IsRequired>true</IsRequired><Value i:type="a:ArrayOfdouble" xmlns:a="http://schemas.microsoft.com/2003/10/Serialization/Arrays"><a:double>0</a:double><a:double>0</a:double><a:double>0</a:double></Value></Attribute></Attributes><ChildElements/><ElementName>origin</ElementName><required>false</required><RPYAttribute z:Ref="i6"/><XYZAttribute z:Ref="i5"/><isCustomized>false</isCustomized></URDFElement><URDFElement z:Id="i7" i:type="Mass"><Attributes><Attribute z:Id="i8"><AttributeType>value</AttributeType><IsRequired>true</IsRequired><Value i:type="a:double" xmlns:a="http://www.w3.org/2001/XMLSchema">0</Value></Attribute></Attributes><ChildElements/><ElementName>mass</ElementName><required>false</required><ValueAttribute z:Ref="i8"/></URDFElement><URDFElement z:Id="i9" i:type="Inertia"><Attributes><Attribute z:Id="i10"><AttributeType>ixx</AttributeType><IsRequired>true</IsRequired><Value i:type="a:double" xmlns:a="http://www.w3.org/2001/XMLSchema">0</Value></Attribute><Attribute z:Id="i11"><AttributeType>ixy</AttributeType><IsRequired>true</IsRequired><Value i:type="a:double" xmlns:a="http://www.w3.org/2001/XMLSchema">0</Value></Attribute><Attribute z:Id="i12"><AttributeType>ixz</AttributeType><IsRequired>true</IsRequired><Value i:type="a:double" xmlns:a="http://www.w3.org/2001/XMLSchema">0</Value></Attribute><Attribute z:Id="i13"><AttributeType>iyy</AttributeType><IsRequired>true</IsRequired><Value i:type="a:double" xmlns:a="http://www.w3.org/2001/XMLSchema">0</Value></Attribute><Attribute z:Id="i14"><AttributeType>iyz</AttributeType><IsRequired>true</IsRequired><Value i:type="a:double" xmlns:a="http://www.w3.org/2001/XMLSchema">0</Value></Attribute><Attribute z:Id="i15"><AttributeType>izz</AttributeType><IsRequired>true</IsRequired><Value i:type="a:double" xmlns:a="http://www.w3.org/2001/XMLSchema">0</Value></Attribute></Attributes><ChildElements/><ElementName>inertia</ElementName><required>false</required><IxxAttribute z:Ref="i10"/><IxyAttribute z:Ref="i11"/><IxzAttribute z:Ref="i12"/><IyyAttribute z:Ref="i13"/><IyzAttribute z:Ref="i14"/><IzzAttribute z:Ref="i15"/></URDFElement></ChildElements><ElementName>inertial</ElementName><required>false</required><Inertia z:Ref="i9"/><Mass z:Ref="i7"/><Origin z:Ref="i4"/></URDFElement><URDFElement z:Id="i16" i:type="Visual"><Attributes/><ChildElements><URDFElement z:Id="i17" i:type="Origin"><Attributes><Attribute z:Id="i18"><AttributeType>xyz</AttributeType><IsRequired>true</IsRequired><Value i:type="a:ArrayOfdouble" xmlns:a="http://schemas.microsoft.com/2003/10/Serialization/Arrays"><a:double>0</a:double><a:double>0</a:double><a:double>0</a:double></Value></Attribute><Attribute z:Id="i19"><AttributeType>rpy</AttributeType><IsRequired>true</IsRequired><Value i:type="a:ArrayOfdouble" xmlns:a="http://schemas.microsoft.com/2003/10/Serialization/Arrays"><a:double>0</a:double><a:double>0</a:double><a:double>0</a:double></Value></Attribute></Attributes><ChildElements/><ElementName>origin</ElementName><required>false</required><RPYAttribute z:Ref="i19"/><XYZAttribute z:Ref="i18"/><isCustomized>false</isCustomized></URDFElement><URDFElement z:Id="i20" i:type="Geometry"><Attributes/><ChildElements><URDFElement z:Id="i21" i:type="Mesh"><Attributes><Attribute z:Id="i22"><AttributeType>filename</AttributeType><IsRequired>true</IsRequired><Value i:nil="true"/></Attribute></Attributes><ChildElements/><ElementName>mesh</ElementName><required>false</required><FilenameAttribute z:Ref="i22"/></URDFElement></ChildElements><ElementName>geometry</ElementName><required>true</required><Mesh z:Ref="i21"/></URDFElement><URDFElement z:Id="i23" i:type="Material"><Attributes><Attribute z:Id="i24"><AttributeType>name</AttributeType><IsRequired>true</IsRequired><Value i:type="a:string" xmlns:a="http://www.w3.org/2001/XMLSchema"/></Attribute></Attributes><ChildElements><URDFElement z:Id="i25" i:type="Color"><Attributes><Attribute z:Id="i26"><AttributeType>rgba</AttributeType><IsRequired>true</IsRequired><Value i:type="a:ArrayOfdouble" xmlns:a="http://schemas.microsoft.com/2003/10/Serialization/Arrays"><a:double>1</a:double><a:double>1</a:double><a:double>1</a:double><a:double>1</a:double></Value></Attribute></Attributes><ChildElements/><ElementName>color</ElementName><required>false</required><RGBAAttribute z:Ref="i26"/></URDFElement><URDFElement z:Id="i27" i:type="Texture"><Attributes><Attribute z:Id="i28"><AttributeType>filename</AttributeType><IsRequired>true</IsRequired><Value i:nil="true"/></Attribute></Attributes><ChildElements/><ElementName>texture</ElementName><required>false</required><FilenameAttribute z:Ref="i28"/><wFilename/></URDFElement></ChildElements><ElementName>material</ElementName><required>false</required><Color z:Ref="i25"/><NameAttribute z:Ref="i24"/><Texture z:Ref="i27"/></URDFElement></ChildElements><ElementName>visual</ElementName><required>false</required><Geometry z:Ref="i20"/><Material z:Ref="i23"/><Origin z:Ref="i17"/></URDFElement><URDFElement z:Id="i29" i:type="Collision"><Attributes/><ChildElements><URDFElement z:Id="i30" i:type="Origin"><Attributes><Attribute z:Id="i31"><AttributeType>xyz</AttributeType><IsRequired>true</IsRequired><Value i:type="a:ArrayOfdouble" xmlns:a="http://schemas.microsoft.com/2003/10/Serialization/Arrays"><a:double>0</a:double><a:double>0</a:double><a:double>0</a:double></Value></Attribute><Attribute z:Id="i32"><AttributeType>rpy</AttributeType><IsRequired>true</IsRequired><Value i:type="a:ArrayOfdouble" xmlns:a="http://schemas.microsoft.com/2003/10/Serialization/Arrays"><a:double>0</a:double><a:double>0</a:double><a:double>0</a:double></Value></Attribute></Attributes><ChildElements/><ElementName>origin</ElementName><required>false</required><RPYAttribute z:Ref="i32"/><XYZAttribute z:Ref="i31"/><isCustomized>false</isCustomized></URDFElement><URDFElement z:Id="i33" i:type="Geometry"><Attributes/><ChildElements><URDFElement z:Id="i34" i:type="Mesh"><Attributes><Attribute z:Id="i35"><AttributeType>filename</AttributeType><IsRequired>true</IsRequired><Value i:nil="true"/></Attribute></Attributes><ChildElements/><ElementName>mesh</ElementName><required>false</required><FilenameAttribute z:Ref="i35"/></URDFElement></ChildElements><ElementName>geometry</ElementName><required>true</required><Mesh z:Ref="i34"/></URDFElement></ChildElements><ElementName>collision</ElementName><required>false</required><Geometry z:Ref="i33"/><Origin z:Ref="i30"/></URDFElement><URDFElement z:Id="i36" i:type="Joint"><Attributes><Attribute z:Id="i37"><AttributeType>name</AttributeType><IsRequired>true</IsRequired><Value i:type="a:string" xmlns:a="http://www.w3.org/2001/XMLSchema"/></Attribute><Attribute z:Id="i38"><AttributeType>type</AttributeType><IsRequired>true</IsRequired><Value i:type="a:string" xmlns:a="http://www.w3.org/2001/XMLSchema"/></Attribute></Attributes><ChildElements><URDFElement z:Id="i39" i:type="Origin"><Attributes><Attribute z:Id="i40"><AttributeType>xyz</AttributeType><IsRequired>true</IsRequired><Value i:type="a:ArrayOfdouble" xmlns:a="http://schemas.microsoft.com/2003/10/Serialization/Arrays"><a:double>0</a:double><a:double>0</a:double><a:double>0</a:double></Value></Attribute><Attribute z:Id="i41"><AttributeType>rpy</AttributeType><IsRequired>true</IsRequired><Value i:type="a:ArrayOfdouble" xmlns:a="http://schemas.microsoft.com/2003/10/Serialization/Arrays"><a:double>0</a:double><a:double>0</a:double><a:double>0</a:double></Value></Attribute></Attributes><ChildElements/><ElementName>origin</ElementName><required>false</required><RPYAttribute z:Ref="i41"/><XYZAttribute z:Ref="i40"/><isCustomized>false</isCustomized></URDFElement><URDFElement z:Id="i42" i:type="ParentLink"><Attributes><Attribute z:Id="i43"><AttributeType>link</AttributeType><IsRequired>true</IsRequired><Value i:type="a:string" xmlns:a="http://www.w3.org/2001/XMLSchema"/></Attribute></Attributes><ChildElements/><ElementName>parent</ElementName><required>true</required><NameAttribute z:Ref="i43"/></URDFElement><URDFElement z:Id="i44" i:type="ChildLink"><Attributes><Attribute z:Id="i45"><AttributeType>link</AttributeType><IsRequired>true</IsRequired><Value i:type="a:string" xmlns:a="http://www.w3.org/2001/XMLSchema"/></Attribute></Attributes><ChildElements/><ElementName>child</ElementName><required>true</required><NameAttribute z:Ref="i45"/></URDFElement><URDFElement z:Id="i46" i:type="Axis"><Attributes><Attribute z:Id="i47"><AttributeType>xyz</AttributeType><IsRequired>true</IsRequired><Value i:type="a:ArrayOfdouble" xmlns:a="http://schemas.microsoft.com/2003/10/Serialization/Arrays"><a:double>0</a:double><a:double>0</a:double><a:double>0</a:double></Value></Attribute></Attributes><ChildElements/><ElementName>axis</ElementName><required>false</required><XYZAttribute z:Ref="i47"/></URDFElement><URDFElement z:Id="i48" i:type="Limit"><Attributes><Attribute z:Id="i49"><AttributeType>lower</AttributeType><IsRequired>false</IsRequired><Value i:nil="true"/></Attribute><Attribute z:Id="i50"><AttributeType>upper</AttributeType><IsRequired>false</IsRequired><Value i:nil="true"/></Attribute><Attribute z:Id="i51"><AttributeType>effort</AttributeType><IsRequired>true</IsRequired><Value i:nil="true"/></Attribute><Attribute z:Id="i52"><AttributeType>velocity</AttributeType><IsRequired>true</IsRequired><Value i:nil="true"/></Attribute></Attributes><ChildElements/><ElementName>limit</ElementName><required>false</required><EffortAttribute z:Ref="i51"/><LowerAttribute z:Ref="i49"/><UpperAttribute z:Ref="i50"/><VelocityAttribute z:Ref="i52"/></URDFElement><URDFElement z:Id="i53" i:type="Calibration"><Attributes><Attribute z:Id="i54"><AttributeType>rising</AttributeType><IsRequired>false</IsRequired><Value i:nil="true"/></Attribute><Attribute z:Id="i55"><AttributeType>falling</AttributeType><IsRequired>false</IsRequired><Value i:nil="true"/></Attribute></Attributes><ChildElements/><ElementName>calibration</ElementName><required>false</required><FallingAttribute z:Ref="i55"/><RisingAttribute z:Ref="i54"/></URDFElement><URDFElement z:Id="i56" i:type="Dynamics"><Attributes><Attribute z:Id="i57"><AttributeType>damping</AttributeType><IsRequired>false</IsRequired><Value i:nil="true"/></Attribute><Attribute z:Id="i58"><AttributeType>friction</AttributeType><IsRequired>false</IsRequired><Value i:nil="true"/></Attribute></Attributes><ChildElements/><ElementName>dynamics</ElementName><required>false</required><DampingAttribute z:Ref="i57"/><FrictionAttribute z:Ref="i58"/></URDFElement><URDFElement z:Id="i59" i:type="SafetyController"><Attributes><Attribute z:Id="i60"><AttributeType>soft_upper</AttributeType><IsRequired>false</IsRequired><Value i:nil="true"/></Attribute><Attribute z:Id="i61"><AttributeType>soft_lower</AttributeType><IsRequired>false</IsRequired><Value i:nil="true"/></Attribute><Attribute z:Id="i62"><AttributeType>k_position</AttributeType><IsRequired>false</IsRequired><Value i:nil="true"/></Attribute><Attribute z:Id="i63"><AttributeType>k_velocity</AttributeType><IsRequired>true</IsRequired><Value i:nil="true"/></Attribute></Attributes><ChildElements/><ElementName>safety_controller</ElementName><required>false</required><KPositionAttribute z:Ref="i62"/><KVelocityAttribute z:Ref="i63"/><SoftLowerAttribute z:Ref="i61"/><SoftUpperAttribute z:Ref="i60"/></URDFElement><URDFElement z:Id="i64" i:type="Mimic"><Attributes><Attribute z:Id="i65"><AttributeType>joint</AttributeType><IsRequired>true</IsRequired><Value i:nil="true"/></Attribute><Attribute z:Id="i66"><AttributeType>multiplier</AttributeType><IsRequired>false</IsRequired><Value i:nil="true"/></Attribute><Attribute z:Id="i67"><AttributeType>offset</AttributeType><IsRequired>false</IsRequired><Value i:nil="true"/></Attribute></Attributes><ChildElements/><ElementName>mimic</ElementName><required>false</required><JointNameAttribute z:Ref="i65"/><MultiplierAttribute z:Ref="i66"/><OffsetAttribute z:Ref="i67"/></URDFElement></ChildElements><ElementName>joint</ElementName><required>false</required><Axis z:Ref="i46"/><AxisName/><Calibration z:Ref="i53"/><Child z:Ref="i44"/><CoordinateSystemName>Automatically Generate</CoordinateSystemName><Dynamics z:Ref="i56"/><Limit z:Ref="i48"/><Mimic z:Ref="i64"/><NameAttribute z:Ref="i37"/><Origin z:Ref="i39"/><Parent z:Ref="i42"/><Safety z:Ref="i59"/><TypeAttribute z:Ref="i38"/></URDFElement></ChildElements><ElementName>link</ElementName><required>true</required><Children/><Collision z:Ref="i29"/><Inertial z:Ref="i3"/><Joint z:Ref="i36"/><NameAttribute z:Ref="i2"/><Parent i:nil="true"/><STLQualityFine>false</STLQualityFine><SWComponentPIDs xmlns:a="http://schemas.microsoft.com/2003/10/Serialization/Arrays"><a:base64Binary>yDIAAAUAAAD//v8K9pb2TjEALQAxAEAAxYhNkVNPMQAEAAAAEAAAAAEAAAABAAAAGQAAAA==</a:base64Binary><a:base64Binary>yDIAAAUAAAD//v8K9pb2TjIALQA1AEAAxYhNkVNPMQAEAAAAEAAAAAEAAAABAAAAIAAAAA==</a:base64Binary><a:base64Binary>yDIAAAUAAAD//v8K9pb2TjIALQA0AEAAxYhNkVNPMQAEAAAAEAAAAAEAAAABAAAAHwAAAA==</a:base64Binary><a:base64Binary>yDIAAAUAAAD//v8K9pb2TjIALQAzAEAAxYhNkVNPMQAEAAAAEAAAAAEAAAABAAAAHgAAAA==</a:base64Binary><a:base64Binary>yDIAAAUAAAD//v8K9pb2TjIALQAyAEAAxYhNkVNPMQAEAAAAEAAAAAEAAAABAAAAGwAAAA==</a:base64Binary><a:base64Binary>yDIAAAUAAAD//v8K9pb2TjQALQAyAEAAxYhNkVNPMQAEAAAAEAAAAAEAAAABAAAAMgAAAA==</a:base64Binary><a:base64Binary>yDIAAAUAAAD//v8K9pb2TjQALQAxAEAAxYhNkVNPMQAEAAAAEAAAAAEAAAABAAAAMAAAAA==</a:base64Binary></SWComponentPIDs><SWMainComponentPID i:nil="true"/><Visual z:Ref="i16"/><isFixedFrame>false</isFixedFrame><isIncomplete>false</isIncomplete></Link>
2020-07-27 08:56:55,720 INFO  AssemblyExportForm.cs: 308 - Saving URDF package to M:\工程文件\tunnel
2020-07-27 08:56:55,722 INFO  ExportHelper.cs: 147 - Beginning the export process
2020-07-27 08:56:55,723 INFO  ExportHelper.cs: 153 - Creating package directories with name tunnel and save path M:\工程文件
2020-07-27 08:56:58,177 INFO  ExportHelper.cs: 162 - Creating CMakeLists.txt at M:\工程文件\tunnel\CMakeLists.txt
2020-07-27 08:56:58,182 INFO  ExportHelper.cs: 166 - Creating joint names config at M:\工程文件\tunnel\config\joint_names_tunnel.yaml
2020-07-27 08:56:58,187 INFO  ExportHelper.cs: 170 - Creating package.xml at M:\工程文件\tunnel\package.xml
2020-07-27 08:56:58,190 INFO  PackageXMLWriter.cs: 21 - Creating package.xml at M:\工程文件\tunnel\package.xml
2020-07-27 08:56:58,219 INFO  ExportHelper.cs: 177 - Creating RVIZ launch file in M:\工程文件\tunnel\launch\
2020-07-27 08:56:58,223 INFO  ExportHelper.cs: 182 - Creating Gazebo launch file in M:\工程文件\tunnel\launch\
2020-07-27 08:56:58,226 INFO  ExportHelper.cs: 187 - Saving existing STL preferences
2020-07-27 08:56:58,227 INFO  ExportHelper.cs: 451 - Saving users preferences
2020-07-27 08:56:58,229 INFO  ExportHelper.cs: 190 - Modifying STL preferences
2020-07-27 08:56:58,230 INFO  ExportHelper.cs: 465 - Setting STL preferences
2020-07-27 08:56:58,316 INFO  ExportHelper.cs: 196 - Found 0 hidden components 
2020-07-27 08:56:58,317 INFO  ExportHelper.cs: 197 - Hiding all components
2020-07-27 08:56:58,440 INFO  ExportHelper.cs: 204 - Beginning individual files export
2020-07-27 08:56:58,443 INFO  ExportHelper.cs: 270 - Exporting link: base_link
2020-07-27 08:56:58,444 INFO  ExportHelper.cs: 272 - Link base_link has 0 children
2020-07-27 08:56:58,445 INFO  ExportHelper.cs: 318 - base_link: Exporting STL with coordinate frame Origin_global
2020-07-27 08:56:58,446 INFO  ExportHelper.cs: 323 - base_link: Reference geometry name 
2020-07-27 08:56:58,725 INFO  ExportHelper.cs: 331 - Saving STL to M:\工程文件\tunnel\meshes\base_link.STL
2020-07-27 08:56:58,981 INFO  ExportHelper.cs: 406 - Removing SW header in STL file
2020-07-27 08:56:58,982 INFO  ExportHelper.cs: 145 - Showing all components except previously hidden components
2020-07-27 08:56:59,264 INFO  ExportHelper.cs: 145 - Resetting STL preferences
2020-07-27 08:56:59,265 INFO  ExportHelper.cs: 479 - Returning STL preferences to user preferences
2020-07-27 08:56:59,265 INFO  ExportHelper.cs: 228 - Writing URDF file to M:\工程文件\tunnel\urdf\tunnel.urdf
2020-07-27 08:56:59,299 INFO  CSVImportExport.cs: 32 - Writing CSV file M:\工程文件\tunnel\urdf\tunnel.csv
2020-07-27 08:56:59,341 ERROR CSVImportExport.cs: 132 - The following columns were not written to the CSV: Link.Joint.ChildLink.link,
2020-07-27 08:56:59,342 INFO  ExportHelper.cs: 234 - Copying log file
2020-07-27 08:56:59,346 INFO  ExportHelper.cs: 440 - Copying C:\Users\Administrator\sw2urdf_logs\sw2urdf.log to M:\工程文件\tunnel\export.log
