2020-07-26 08:26:22,215 INFO  Logger.cs: 70 - 
--------------------------------------------------------------------------------
2020-07-26 08:26:22,308 INFO  Logger.cs: 71 - Logging commencing for SW2URDF exporter
2020-07-26 08:26:22,310 INFO  Logger.cs: 73 - Commit version 1.5.1-0-g916b5db
2020-07-26 08:26:22,310 INFO  Logger.cs: 74 - Build version 1.5.7152.31018
2020-07-26 08:26:22,360 INFO  SwAddin.cs: 250 - Adding Assembly export to file menu
2020-07-26 08:26:22,361 INFO  SwAddin.cs: 253 - Adding Part export to file menu
2020-07-26 08:26:22,405 INFO  SwAddin.cs: 218 - Connecting plugin to SolidWorks
2020-07-26 22:52:41,158 INFO  SwAddin.cs: 328 - Part export called
2020-07-26 22:52:41,276 INFO  ExportHelperExtension.cs: 1131 - Retrieving features of type [CoordSys] from 零件1
2020-07-26 22:52:41,340 INFO  ExportHelperExtension.cs: 1142 - Found 17 in 零件1
2020-07-26 22:52:41,342 INFO  ExportHelperExtension.cs: 1152 - Found 0 features of type [CoordSys] in 零件1
2020-07-26 22:52:41,356 INFO  ExportHelperExtension.cs: 1131 - Retrieving features of type [RefAxis] from 零件1
2020-07-26 22:52:41,357 INFO  ExportHelperExtension.cs: 1142 - Found 17 in 零件1
2020-07-26 22:52:41,358 INFO  ExportHelperExtension.cs: 1152 - Found 0 features of type [RefAxis] in 零件1
2020-07-26 22:52:41,359 INFO  SwAddin.cs: 344 - Showing part
2020-07-26 22:54:41,448 INFO  SwAddin.cs: 328 - Part export called
2020-07-26 22:54:41,456 INFO  ExportHelperExtension.cs: 1131 - Retrieving features of type [CoordSys] from 零件2
2020-07-26 22:54:41,457 INFO  ExportHelperExtension.cs: 1142 - Found 17 in 零件2
2020-07-26 22:54:41,458 INFO  ExportHelperExtension.cs: 1152 - Found 0 features of type [CoordSys] in 零件2
2020-07-26 22:54:41,466 INFO  ExportHelperExtension.cs: 1131 - Retrieving features of type [RefAxis] from 零件2
2020-07-26 22:54:41,467 INFO  ExportHelperExtension.cs: 1142 - Found 17 in 零件2
2020-07-26 22:54:41,467 INFO  ExportHelperExtension.cs: 1152 - Found 0 features of type [RefAxis] in 零件2
2020-07-26 22:54:41,468 INFO  SwAddin.cs: 344 - Showing part
2020-07-26 22:55:02,617 INFO  SwAddin.cs: 271 - Assembly export called for file 装配体1
2020-07-26 22:55:02,627 INFO  SwAddin.cs: 276 - Save is required
2020-07-26 22:55:02,627 INFO  SwAddin.cs: 290 - Saving assembly
2020-07-26 22:55:02,628 INFO  SwAddin.cs: 293 - Opening property manager
2020-07-26 22:55:02,630 INFO  ExportHelperExtension.cs: 1131 - Retrieving features of type [CoordSys] from 装配体1
2020-07-26 22:55:02,640 INFO  ExportHelperExtension.cs: 1142 - Found 24 in 装配体1
2020-07-26 22:55:02,641 INFO  ExportHelperExtension.cs: 1152 - Found 0 features of type [CoordSys] in 装配体1
2020-07-26 22:55:02,641 INFO  ExportHelperExtension.cs: 1155 - Proceeding through assembly components
2020-07-26 22:55:02,642 INFO  ExportHelperExtension.cs: 1167 - 1 components to check
2020-07-26 22:55:02,643 INFO  ExportHelperExtension.cs: 1131 - Retrieving features of type [CoordSys] from 零件3-1
2020-07-26 22:55:02,643 INFO  ExportHelperExtension.cs: 1142 - Found 29 in 零件3-1
2020-07-26 22:55:02,643 INFO  ExportHelperExtension.cs: 1152 - Found 1 features of type [CoordSys] in 零件3-1
2020-07-26 22:55:02,657 INFO  ExportHelperExtension.cs: 1131 - Retrieving features of type [RefAxis] from 装配体1
2020-07-26 22:55:02,657 INFO  ExportHelperExtension.cs: 1142 - Found 24 in 装配体1
2020-07-26 22:55:02,658 INFO  ExportHelperExtension.cs: 1152 - Found 0 features of type [RefAxis] in 装配体1
2020-07-26 22:55:02,658 INFO  ExportHelperExtension.cs: 1155 - Proceeding through assembly components
2020-07-26 22:55:02,658 INFO  ExportHelperExtension.cs: 1167 - 1 components to check
2020-07-26 22:55:02,659 INFO  ExportHelperExtension.cs: 1131 - Retrieving features of type [RefAxis] from 零件3-1
2020-07-26 22:55:02,659 INFO  ExportHelperExtension.cs: 1142 - Found 29 in 零件3-1
2020-07-26 22:55:02,659 INFO  ExportHelperExtension.cs: 1152 - Found 0 features of type [RefAxis] in 零件3-1
2020-07-26 22:55:02,941 INFO  SwAddin.cs: 316 - Loading config tree
2020-07-26 22:55:02,945 INFO  ExportPropertyManagerExtension.cs: 597 - Starting new configuration
2020-07-26 22:55:02,948 INFO  SwAddin.cs: 321 - Showing property manager
2020-07-26 22:55:18,985 INFO  ExportPropertyManager.cs: 456 - Configuration saved
2020-07-26 22:55:19,957 INFO  ExportPropertyManager.cs: 1184 - AfterClose called. This method no longer throws an Exception. It just silently does nothing. Ok, except for this logging message
2020-07-26 22:55:31,991 INFO  SwAddin.cs: 271 - Assembly export called for file 装配体1
2020-07-26 22:55:31,992 INFO  SwAddin.cs: 276 - Save is required
2020-07-26 22:55:31,992 INFO  SwAddin.cs: 290 - Saving assembly
2020-07-26 22:55:31,992 INFO  SwAddin.cs: 293 - Opening property manager
2020-07-26 22:55:31,993 INFO  ExportHelperExtension.cs: 1131 - Retrieving features of type [CoordSys] from 装配体1
2020-07-26 22:55:31,993 INFO  ExportHelperExtension.cs: 1142 - Found 24 in 装配体1
2020-07-26 22:55:31,994 INFO  ExportHelperExtension.cs: 1152 - Found 0 features of type [CoordSys] in 装配体1
2020-07-26 22:55:31,994 INFO  ExportHelperExtension.cs: 1155 - Proceeding through assembly components
2020-07-26 22:55:31,994 INFO  ExportHelperExtension.cs: 1167 - 1 components to check
2020-07-26 22:55:31,995 INFO  ExportHelperExtension.cs: 1131 - Retrieving features of type [CoordSys] from 零件3-1
2020-07-26 22:55:31,995 INFO  ExportHelperExtension.cs: 1142 - Found 29 in 零件3-1
2020-07-26 22:55:31,996 INFO  ExportHelperExtension.cs: 1152 - Found 1 features of type [CoordSys] in 零件3-1
2020-07-26 22:55:31,996 INFO  ExportHelperExtension.cs: 1131 - Retrieving features of type [RefAxis] from 装配体1
2020-07-26 22:55:31,996 INFO  ExportHelperExtension.cs: 1142 - Found 24 in 装配体1
2020-07-26 22:55:31,997 INFO  ExportHelperExtension.cs: 1152 - Found 0 features of type [RefAxis] in 装配体1
2020-07-26 22:55:31,997 INFO  ExportHelperExtension.cs: 1155 - Proceeding through assembly components
2020-07-26 22:55:31,997 INFO  ExportHelperExtension.cs: 1167 - 1 components to check
2020-07-26 22:55:31,998 INFO  ExportHelperExtension.cs: 1131 - Retrieving features of type [RefAxis] from 零件3-1
2020-07-26 22:55:31,998 INFO  ExportHelperExtension.cs: 1142 - Found 29 in 零件3-1
2020-07-26 22:55:31,999 INFO  ExportHelperExtension.cs: 1152 - Found 0 features of type [RefAxis] in 零件3-1
2020-07-26 22:55:32,086 INFO  SwAddin.cs: 316 - Loading config tree
2020-07-26 22:55:32,087 INFO  ExportPropertyManagerExtension.cs: 597 - Starting new configuration
2020-07-26 22:55:32,088 INFO  SwAddin.cs: 321 - Showing property manager
2020-07-26 22:55:47,109 INFO  ExportPropertyManager.cs: 450 - Configuration canceled
2020-07-26 22:55:47,136 INFO  ExportPropertyManager.cs: 1184 - AfterClose called. This method no longer throws an Exception. It just silently does nothing. Ok, except for this logging message
2020-07-26 22:55:58,754 INFO  SwAddin.cs: 271 - Assembly export called for file 装配体1
2020-07-26 22:55:58,755 INFO  SwAddin.cs: 276 - Save is required
2020-07-26 22:55:58,755 INFO  SwAddin.cs: 290 - Saving assembly
2020-07-26 22:55:58,755 INFO  SwAddin.cs: 293 - Opening property manager
2020-07-26 22:55:58,756 INFO  ExportHelperExtension.cs: 1131 - Retrieving features of type [CoordSys] from 装配体1
2020-07-26 22:55:58,756 INFO  ExportHelperExtension.cs: 1142 - Found 24 in 装配体1
2020-07-26 22:55:58,757 INFO  ExportHelperExtension.cs: 1152 - Found 0 features of type [CoordSys] in 装配体1
2020-07-26 22:55:58,757 INFO  ExportHelperExtension.cs: 1155 - Proceeding through assembly components
2020-07-26 22:55:58,757 INFO  ExportHelperExtension.cs: 1167 - 1 components to check
2020-07-26 22:55:58,757 INFO  ExportHelperExtension.cs: 1131 - Retrieving features of type [CoordSys] from 零件3-1
2020-07-26 22:55:58,758 INFO  ExportHelperExtension.cs: 1142 - Found 29 in 零件3-1
2020-07-26 22:55:58,758 INFO  ExportHelperExtension.cs: 1152 - Found 1 features of type [CoordSys] in 零件3-1
2020-07-26 22:55:58,759 INFO  ExportHelperExtension.cs: 1131 - Retrieving features of type [RefAxis] from 装配体1
2020-07-26 22:55:58,759 INFO  ExportHelperExtension.cs: 1142 - Found 24 in 装配体1
2020-07-26 22:55:58,759 INFO  ExportHelperExtension.cs: 1152 - Found 0 features of type [RefAxis] in 装配体1
2020-07-26 22:55:58,759 INFO  ExportHelperExtension.cs: 1155 - Proceeding through assembly components
2020-07-26 22:55:58,760 INFO  ExportHelperExtension.cs: 1167 - 1 components to check
2020-07-26 22:55:58,760 INFO  ExportHelperExtension.cs: 1131 - Retrieving features of type [RefAxis] from 零件3-1
2020-07-26 22:55:58,760 INFO  ExportHelperExtension.cs: 1142 - Found 29 in 零件3-1
2020-07-26 22:55:58,761 INFO  ExportHelperExtension.cs: 1152 - Found 0 features of type [RefAxis] in 零件3-1
2020-07-26 22:55:58,813 INFO  SwAddin.cs: 316 - Loading config tree
2020-07-26 22:55:58,814 INFO  ExportPropertyManagerExtension.cs: 597 - Starting new configuration
2020-07-26 22:55:58,815 INFO  SwAddin.cs: 321 - Showing property manager
2020-07-26 22:56:29,382 INFO  ExportPropertyManager.cs: 456 - Configuration saved
2020-07-26 22:56:31,521 INFO  ExportHelperExtension.cs: 1131 - Retrieving features of type [CoordSys] from 装配体1
2020-07-26 22:56:31,577 INFO  ExportHelperExtension.cs: 1142 - Found 27 in 装配体1
2020-07-26 22:56:31,577 INFO  ExportHelperExtension.cs: 1152 - Found 1 features of type [CoordSys] in 装配体1
2020-07-26 22:56:31,578 INFO  ExportHelperExtension.cs: 1155 - Proceeding through assembly components
2020-07-26 22:56:31,578 INFO  ExportHelperExtension.cs: 1167 - 1 components to check
2020-07-26 22:56:31,578 INFO  ExportHelperExtension.cs: 1131 - Retrieving features of type [CoordSys] from 零件3-1
2020-07-26 22:56:31,579 INFO  ExportHelperExtension.cs: 1142 - Found 29 in 零件3-1
2020-07-26 22:56:31,579 INFO  ExportHelperExtension.cs: 1152 - Found 1 features of type [CoordSys] in 零件3-1
2020-07-26 22:56:31,580 INFO  ExportHelperExtension.cs: 1131 - Retrieving features of type [RefAxis] from 装配体1
2020-07-26 22:56:31,580 INFO  ExportHelperExtension.cs: 1142 - Found 27 in 装配体1
2020-07-26 22:56:31,580 INFO  ExportHelperExtension.cs: 1152 - Found 0 features of type [RefAxis] in 装配体1
2020-07-26 22:56:31,581 INFO  ExportHelperExtension.cs: 1155 - Proceeding through assembly components
2020-07-26 22:56:31,581 INFO  ExportHelperExtension.cs: 1167 - 1 components to check
2020-07-26 22:56:31,581 INFO  ExportHelperExtension.cs: 1131 - Retrieving features of type [RefAxis] from 零件3-1
2020-07-26 22:56:31,582 INFO  ExportHelperExtension.cs: 1142 - Found 29 in 零件3-1
2020-07-26 22:56:31,582 INFO  ExportHelperExtension.cs: 1152 - Found 0 features of type [RefAxis] in 零件3-1
2020-07-26 22:56:31,620 INFO  ExportPropertyManager.cs: 1184 - AfterClose called. This method no longer throws an Exception. It just silently does nothing. Ok, except for this logging message
2020-07-26 22:56:54,099 INFO  AssemblyExportForm.cs: 254 - Completing URDF export
2020-07-26 22:56:54,110 INFO  Serialization.cs: 275 - URDF Configuration found
<Link z:Id="i1" xmlns="http://schemas.datacontract.org/2004/07/SW2URDF" xmlns:i="http://www.w3.org/2001/XMLSchema-instance" xmlns:z="http://schemas.microsoft.com/2003/10/Serialization/"><Attributes><Attribute z:Id="i2"><AttributeType>name</AttributeType><IsRequired>true</IsRequired><Value i:type="a:string" xmlns:a="http://www.w3.org/2001/XMLSchema">suidaos</Value></Attribute></Attributes><ChildElements><URDFElement z:Id="i3" i:type="Inertial"><Attributes/><ChildElements><URDFElement z:Id="i4" i:type="Origin"><Attributes><Attribute z:Id="i5"><AttributeType>xyz</AttributeType><IsRequired>true</IsRequired><Value i:type="a:ArrayOfdouble" xmlns:a="http://schemas.microsoft.com/2003/10/Serialization/Arrays"><a:double>0</a:double><a:double>0</a:double><a:double>0</a:double></Value></Attribute><Attribute z:Id="i6"><AttributeType>rpy</AttributeType><IsRequired>true</IsRequired><Value i:type="a:ArrayOfdouble" xmlns:a="http://schemas.microsoft.com/2003/10/Serialization/Arrays"><a:double>0</a:double><a:double>0</a:double><a:double>0</a:double></Value></Attribute></Attributes><ChildElements/><ElementName>origin</ElementName><required>false</required><RPYAttribute z:Ref="i6"/><XYZAttribute z:Ref="i5"/><isCustomized>false</isCustomized></URDFElement><URDFElement z:Id="i7" i:type="Mass"><Attributes><Attribute z:Id="i8"><AttributeType>value</AttributeType><IsRequired>true</IsRequired><Value i:type="a:double" xmlns:a="http://www.w3.org/2001/XMLSchema">0</Value></Attribute></Attributes><ChildElements/><ElementName>mass</ElementName><required>false</required><ValueAttribute z:Ref="i8"/></URDFElement><URDFElement z:Id="i9" i:type="Inertia"><Attributes><Attribute z:Id="i10"><AttributeType>ixx</AttributeType><IsRequired>true</IsRequired><Value i:type="a:double" xmlns:a="http://www.w3.org/2001/XMLSchema">0</Value></Attribute><Attribute z:Id="i11"><AttributeType>ixy</AttributeType><IsRequired>true</IsRequired><Value i:type="a:double" xmlns:a="http://www.w3.org/2001/XMLSchema">0</Value></Attribute><Attribute z:Id="i12"><AttributeType>ixz</AttributeType><IsRequired>true</IsRequired><Value i:type="a:double" xmlns:a="http://www.w3.org/2001/XMLSchema">0</Value></Attribute><Attribute z:Id="i13"><AttributeType>iyy</AttributeType><IsRequired>true</IsRequired><Value i:type="a:double" xmlns:a="http://www.w3.org/2001/XMLSchema">0</Value></Attribute><Attribute z:Id="i14"><AttributeType>iyz</AttributeType><IsRequired>true</IsRequired><Value i:type="a:double" xmlns:a="http://www.w3.org/2001/XMLSchema">0</Value></Attribute><Attribute z:Id="i15"><AttributeType>izz</AttributeType><IsRequired>true</IsRequired><Value i:type="a:double" xmlns:a="http://www.w3.org/2001/XMLSchema">0</Value></Attribute></Attributes><ChildElements/><ElementName>inertia</ElementName><required>false</required><IxxAttribute z:Ref="i10"/><IxyAttribute z:Ref="i11"/><IxzAttribute z:Ref="i12"/><IyyAttribute z:Ref="i13"/><IyzAttribute z:Ref="i14"/><IzzAttribute z:Ref="i15"/></URDFElement></ChildElements><ElementName>inertial</ElementName><required>false</required><Inertia z:Ref="i9"/><Mass z:Ref="i7"/><Origin z:Ref="i4"/></URDFElement><URDFElement z:Id="i16" i:type="Visual"><Attributes/><ChildElements><URDFElement z:Id="i17" i:type="Origin"><Attributes><Attribute z:Id="i18"><AttributeType>xyz</AttributeType><IsRequired>true</IsRequired><Value i:type="a:ArrayOfdouble" xmlns:a="http://schemas.microsoft.com/2003/10/Serialization/Arrays"><a:double>0</a:double><a:double>0</a:double><a:double>0</a:double></Value></Attribute><Attribute z:Id="i19"><AttributeType>rpy</AttributeType><IsRequired>true</IsRequired><Value i:type="a:ArrayOfdouble" xmlns:a="http://schemas.microsoft.com/2003/10/Serialization/Arrays"><a:double>0</a:double><a:double>0</a:double><a:double>0</a:double></Value></Attribute></Attributes><ChildElements/><ElementName>origin</ElementName><required>false</required><RPYAttribute z:Ref="i19"/><XYZAttribute z:Ref="i18"/><isCustomized>false</isCustomized></URDFElement><URDFElement z:Id="i20" i:type="Geometry"><Attributes/><ChildElements><URDFElement z:Id="i21" i:type="Mesh"><Attributes><Attribute z:Id="i22"><AttributeType>filename</AttributeType><IsRequired>true</IsRequired><Value i:nil="true"/></Attribute></Attributes><ChildElements/><ElementName>mesh</ElementName><required>false</required><FilenameAttribute z:Ref="i22"/></URDFElement></ChildElements><ElementName>geometry</ElementName><required>true</required><Mesh z:Ref="i21"/></URDFElement><URDFElement z:Id="i23" i:type="Material"><Attributes><Attribute z:Id="i24"><AttributeType>name</AttributeType><IsRequired>true</IsRequired><Value i:type="a:string" xmlns:a="http://www.w3.org/2001/XMLSchema"/></Attribute></Attributes><ChildElements><URDFElement z:Id="i25" i:type="Color"><Attributes><Attribute z:Id="i26"><AttributeType>rgba</AttributeType><IsRequired>true</IsRequired><Value i:type="a:ArrayOfdouble" xmlns:a="http://schemas.microsoft.com/2003/10/Serialization/Arrays"><a:double>1</a:double><a:double>1</a:double><a:double>1</a:double><a:double>1</a:double></Value></Attribute></Attributes><ChildElements/><ElementName>color</ElementName><required>false</required><RGBAAttribute z:Ref="i26"/></URDFElement><URDFElement z:Id="i27" i:type="Texture"><Attributes><Attribute z:Id="i28"><AttributeType>filename</AttributeType><IsRequired>true</IsRequired><Value i:nil="true"/></Attribute></Attributes><ChildElements/><ElementName>texture</ElementName><required>false</required><FilenameAttribute z:Ref="i28"/><wFilename/></URDFElement></ChildElements><ElementName>material</ElementName><required>false</required><Color z:Ref="i25"/><NameAttribute z:Ref="i24"/><Texture z:Ref="i27"/></URDFElement></ChildElements><ElementName>visual</ElementName><required>false</required><Geometry z:Ref="i20"/><Material z:Ref="i23"/><Origin z:Ref="i17"/></URDFElement><URDFElement z:Id="i29" i:type="Collision"><Attributes/><ChildElements><URDFElement z:Id="i30" i:type="Origin"><Attributes><Attribute z:Id="i31"><AttributeType>xyz</AttributeType><IsRequired>true</IsRequired><Value i:type="a:ArrayOfdouble" xmlns:a="http://schemas.microsoft.com/2003/10/Serialization/Arrays"><a:double>0</a:double><a:double>0</a:double><a:double>0</a:double></Value></Attribute><Attribute z:Id="i32"><AttributeType>rpy</AttributeType><IsRequired>true</IsRequired><Value i:type="a:ArrayOfdouble" xmlns:a="http://schemas.microsoft.com/2003/10/Serialization/Arrays"><a:double>0</a:double><a:double>0</a:double><a:double>0</a:double></Value></Attribute></Attributes><ChildElements/><ElementName>origin</ElementName><required>false</required><RPYAttribute z:Ref="i32"/><XYZAttribute z:Ref="i31"/><isCustomized>false</isCustomized></URDFElement><URDFElement z:Id="i33" i:type="Geometry"><Attributes/><ChildElements><URDFElement z:Id="i34" i:type="Mesh"><Attributes><Attribute z:Id="i35"><AttributeType>filename</AttributeType><IsRequired>true</IsRequired><Value i:nil="true"/></Attribute></Attributes><ChildElements/><ElementName>mesh</ElementName><required>false</required><FilenameAttribute z:Ref="i35"/></URDFElement></ChildElements><ElementName>geometry</ElementName><required>true</required><Mesh z:Ref="i34"/></URDFElement></ChildElements><ElementName>collision</ElementName><required>false</required><Geometry z:Ref="i33"/><Origin z:Ref="i30"/></URDFElement><URDFElement z:Id="i36" i:type="Joint"><Attributes><Attribute z:Id="i37"><AttributeType>name</AttributeType><IsRequired>true</IsRequired><Value i:type="a:string" xmlns:a="http://www.w3.org/2001/XMLSchema"/></Attribute><Attribute z:Id="i38"><AttributeType>type</AttributeType><IsRequired>true</IsRequired><Value i:type="a:string" xmlns:a="http://www.w3.org/2001/XMLSchema"/></Attribute></Attributes><ChildElements><URDFElement z:Id="i39" i:type="Origin"><Attributes><Attribute z:Id="i40"><AttributeType>xyz</AttributeType><IsRequired>true</IsRequired><Value i:type="a:ArrayOfdouble" xmlns:a="http://schemas.microsoft.com/2003/10/Serialization/Arrays"><a:double>0</a:double><a:double>0</a:double><a:double>0</a:double></Value></Attribute><Attribute z:Id="i41"><AttributeType>rpy</AttributeType><IsRequired>true</IsRequired><Value i:type="a:ArrayOfdouble" xmlns:a="http://schemas.microsoft.com/2003/10/Serialization/Arrays"><a:double>0</a:double><a:double>0</a:double><a:double>0</a:double></Value></Attribute></Attributes><ChildElements/><ElementName>origin</ElementName><required>false</required><RPYAttribute z:Ref="i41"/><XYZAttribute z:Ref="i40"/><isCustomized>false</isCustomized></URDFElement><URDFElement z:Id="i42" i:type="ParentLink"><Attributes><Attribute z:Id="i43"><AttributeType>link</AttributeType><IsRequired>true</IsRequired><Value i:type="a:string" xmlns:a="http://www.w3.org/2001/XMLSchema"/></Attribute></Attributes><ChildElements/><ElementName>parent</ElementName><required>true</required><NameAttribute z:Ref="i43"/></URDFElement><URDFElement z:Id="i44" i:type="ChildLink"><Attributes><Attribute z:Id="i45"><AttributeType>link</AttributeType><IsRequired>true</IsRequired><Value i:type="a:string" xmlns:a="http://www.w3.org/2001/XMLSchema"/></Attribute></Attributes><ChildElements/><ElementName>child</ElementName><required>true</required><NameAttribute z:Ref="i45"/></URDFElement><URDFElement z:Id="i46" i:type="Axis"><Attributes><Attribute z:Id="i47"><AttributeType>xyz</AttributeType><IsRequired>true</IsRequired><Value i:type="a:ArrayOfdouble" xmlns:a="http://schemas.microsoft.com/2003/10/Serialization/Arrays"><a:double>0</a:double><a:double>0</a:double><a:double>0</a:double></Value></Attribute></Attributes><ChildElements/><ElementName>axis</ElementName><required>false</required><XYZAttribute z:Ref="i47"/></URDFElement><URDFElement z:Id="i48" i:type="Limit"><Attributes><Attribute z:Id="i49"><AttributeType>lower</AttributeType><IsRequired>false</IsRequired><Value i:nil="true"/></Attribute><Attribute z:Id="i50"><AttributeType>upper</AttributeType><IsRequired>false</IsRequired><Value i:nil="true"/></Attribute><Attribute z:Id="i51"><AttributeType>effort</AttributeType><IsRequired>true</IsRequired><Value i:nil="true"/></Attribute><Attribute z:Id="i52"><AttributeType>velocity</AttributeType><IsRequired>true</IsRequired><Value i:nil="true"/></Attribute></Attributes><ChildElements/><ElementName>limit</ElementName><required>false</required><EffortAttribute z:Ref="i51"/><LowerAttribute z:Ref="i49"/><UpperAttribute z:Ref="i50"/><VelocityAttribute z:Ref="i52"/></URDFElement><URDFElement z:Id="i53" i:type="Calibration"><Attributes><Attribute z:Id="i54"><AttributeType>rising</AttributeType><IsRequired>false</IsRequired><Value i:nil="true"/></Attribute><Attribute z:Id="i55"><AttributeType>falling</AttributeType><IsRequired>false</IsRequired><Value i:nil="true"/></Attribute></Attributes><ChildElements/><ElementName>calibration</ElementName><required>false</required><FallingAttribute z:Ref="i55"/><RisingAttribute z:Ref="i54"/></URDFElement><URDFElement z:Id="i56" i:type="Dynamics"><Attributes><Attribute z:Id="i57"><AttributeType>damping</AttributeType><IsRequired>false</IsRequired><Value i:nil="true"/></Attribute><Attribute z:Id="i58"><AttributeType>friction</AttributeType><IsRequired>false</IsRequired><Value i:nil="true"/></Attribute></Attributes><ChildElements/><ElementName>dynamics</ElementName><required>false</required><DampingAttribute z:Ref="i57"/><FrictionAttribute z:Ref="i58"/></URDFElement><URDFElement z:Id="i59" i:type="SafetyController"><Attributes><Attribute z:Id="i60"><AttributeType>soft_upper</AttributeType><IsRequired>false</IsRequired><Value i:nil="true"/></Attribute><Attribute z:Id="i61"><AttributeType>soft_lower</AttributeType><IsRequired>false</IsRequired><Value i:nil="true"/></Attribute><Attribute z:Id="i62"><AttributeType>k_position</AttributeType><IsRequired>false</IsRequired><Value i:nil="true"/></Attribute><Attribute z:Id="i63"><AttributeType>k_velocity</AttributeType><IsRequired>true</IsRequired><Value i:nil="true"/></Attribute></Attributes><ChildElements/><ElementName>safety_controller</ElementName><required>false</required><KPositionAttribute z:Ref="i62"/><KVelocityAttribute z:Ref="i63"/><SoftLowerAttribute z:Ref="i61"/><SoftUpperAttribute z:Ref="i60"/></URDFElement><URDFElement z:Id="i64" i:type="Mimic"><Attributes><Attribute z:Id="i65"><AttributeType>joint</AttributeType><IsRequired>true</IsRequired><Value i:nil="true"/></Attribute><Attribute z:Id="i66"><AttributeType>multiplier</AttributeType><IsRequired>false</IsRequired><Value i:nil="true"/></Attribute><Attribute z:Id="i67"><AttributeType>offset</AttributeType><IsRequired>false</IsRequired><Value i:nil="true"/></Attribute></Attributes><ChildElements/><ElementName>mimic</ElementName><required>false</required><JointNameAttribute z:Ref="i65"/><MultiplierAttribute z:Ref="i66"/><OffsetAttribute z:Ref="i67"/></URDFElement></ChildElements><ElementName>joint</ElementName><required>false</required><Axis z:Ref="i46"/><AxisName/><Calibration z:Ref="i53"/><Child z:Ref="i44"/><CoordinateSystemName>Automatically Generate</CoordinateSystemName><Dynamics z:Ref="i56"/><Limit z:Ref="i48"/><Mimic z:Ref="i64"/><NameAttribute z:Ref="i37"/><Origin z:Ref="i39"/><Parent z:Ref="i42"/><Safety z:Ref="i59"/><TypeAttribute z:Ref="i38"/></URDFElement></ChildElements><ElementName>link</ElementName><required>true</required><Children/><Collision z:Ref="i29"/><Inertial z:Ref="i3"/><Joint z:Ref="i36"/><NameAttribute z:Ref="i2"/><Parent i:nil="true"/><STLQualityFine>false</STLQualityFine><SWComponentPIDs xmlns:a="http://schemas.microsoft.com/2003/10/Serialization/Arrays"><a:base64Binary>yDIAAAUAAAD//v8K9pb2TjMALQAxAEAAxYhNkVNPMQAEAAAAEAAAAAEAAAABAAAAGQAAAA==</a:base64Binary></SWComponentPIDs><SWMainComponentPID i:nil="true"/><Visual z:Ref="i16"/><isFixedFrame>false</isFixedFrame><isIncomplete>false</isIncomplete></Link>
2020-07-26 22:57:30,345 INFO  AssemblyExportForm.cs: 308 - Saving URDF package to M:\wansuidao1
2020-07-26 22:57:30,348 INFO  ExportHelper.cs: 147 - Beginning the export process
2020-07-26 22:57:30,349 INFO  ExportHelper.cs: 153 - Creating package directories with name wansuidao1 and save path M:\
2020-07-26 22:57:32,196 INFO  ExportHelper.cs: 162 - Creating CMakeLists.txt at M:\wansuidao1\CMakeLists.txt
2020-07-26 22:57:32,199 INFO  ExportHelper.cs: 166 - Creating joint names config at M:\wansuidao1\config\joint_names_wansuidao1.yaml
2020-07-26 22:57:32,204 INFO  ExportHelper.cs: 170 - Creating package.xml at M:\wansuidao1\package.xml
2020-07-26 22:57:32,206 INFO  PackageXMLWriter.cs: 21 - Creating package.xml at M:\wansuidao1\package.xml
2020-07-26 22:57:32,221 INFO  ExportHelper.cs: 177 - Creating RVIZ launch file in M:\wansuidao1\launch\
2020-07-26 22:57:32,227 INFO  ExportHelper.cs: 182 - Creating Gazebo launch file in M:\wansuidao1\launch\
2020-07-26 22:57:32,231 INFO  ExportHelper.cs: 187 - Saving existing STL preferences
2020-07-26 22:57:32,232 INFO  ExportHelper.cs: 451 - Saving users preferences
2020-07-26 22:57:32,234 INFO  ExportHelper.cs: 190 - Modifying STL preferences
2020-07-26 22:57:32,236 INFO  ExportHelper.cs: 465 - Setting STL preferences
2020-07-26 22:57:32,364 INFO  ExportHelper.cs: 196 - Found 0 hidden components 
2020-07-26 22:57:32,366 INFO  ExportHelper.cs: 197 - Hiding all components
2020-07-26 22:57:32,555 INFO  ExportHelper.cs: 204 - Beginning individual files export
2020-07-26 22:57:32,558 INFO  ExportHelper.cs: 270 - Exporting link: suidaos
2020-07-26 22:57:32,559 INFO  ExportHelper.cs: 272 - Link suidaos has 0 children
2020-07-26 22:57:32,559 INFO  ExportHelper.cs: 318 - suidaos: Exporting STL with coordinate frame Origin_global
2020-07-26 22:57:32,560 INFO  ExportHelper.cs: 323 - suidaos: Reference geometry name 
2020-07-26 22:57:32,590 INFO  ExportHelper.cs: 331 - Saving STL to M:\wansuidao1\meshes\suidaos.STL
2020-07-26 22:57:32,891 INFO  ExportHelper.cs: 406 - Removing SW header in STL file
2020-07-26 22:57:32,892 INFO  ExportHelper.cs: 145 - Showing all components except previously hidden components
2020-07-26 22:57:32,920 INFO  ExportHelper.cs: 145 - Resetting STL preferences
2020-07-26 22:57:32,921 INFO  ExportHelper.cs: 479 - Returning STL preferences to user preferences
2020-07-26 22:57:32,921 INFO  ExportHelper.cs: 228 - Writing URDF file to M:\wansuidao1\urdf\wansuidao1.urdf
2020-07-26 22:57:32,953 INFO  CSVImportExport.cs: 32 - Writing CSV file M:\wansuidao1\urdf\wansuidao1.csv
2020-07-26 22:57:33,006 ERROR CSVImportExport.cs: 132 - The following columns were not written to the CSV: Link.Joint.ChildLink.link,
2020-07-26 22:57:33,007 INFO  ExportHelper.cs: 234 - Copying log file
2020-07-26 22:57:33,011 INFO  ExportHelper.cs: 440 - Copying C:\Users\Administrator\sw2urdf_logs\sw2urdf.log to M:\wansuidao1\export.log
2020-07-26 22:57:33,012 INFO  ExportHelper.cs: 237 - Resetting STL preferences
2020-07-26 22:57:33,012 INFO  ExportHelper.cs: 479 - Returning STL preferences to user preferences
2020-07-26 22:59:59,022 INFO  SwAddin.cs: 271 - Assembly export called for file 装配体2
2020-07-26 22:59:59,023 INFO  SwAddin.cs: 276 - Save is required
2020-07-26 22:59:59,023 INFO  SwAddin.cs: 290 - Saving assembly
2020-07-26 22:59:59,023 INFO  SwAddin.cs: 293 - Opening property manager
2020-07-26 22:59:59,024 INFO  ExportHelperExtension.cs: 1131 - Retrieving features of type [CoordSys] from 装配体2
2020-07-26 22:59:59,024 INFO  ExportHelperExtension.cs: 1142 - Found 24 in 装配体2
2020-07-26 22:59:59,025 INFO  ExportHelperExtension.cs: 1152 - Found 0 features of type [CoordSys] in 装配体2
2020-07-26 22:59:59,025 INFO  ExportHelperExtension.cs: 1155 - Proceeding through assembly components
2020-07-26 22:59:59,025 INFO  ExportHelperExtension.cs: 1167 - 1 components to check
2020-07-26 22:59:59,026 INFO  ExportHelperExtension.cs: 1131 - Retrieving features of type [CoordSys] from 零件1-1
2020-07-26 22:59:59,026 INFO  ExportHelperExtension.cs: 1142 - Found 32 in 零件1-1
2020-07-26 22:59:59,026 INFO  ExportHelperExtension.cs: 1152 - Found 1 features of type [CoordSys] in 零件1-1
2020-07-26 22:59:59,027 INFO  ExportHelperExtension.cs: 1131 - Retrieving features of type [RefAxis] from 装配体2
2020-07-26 22:59:59,027 INFO  ExportHelperExtension.cs: 1142 - Found 24 in 装配体2
2020-07-26 22:59:59,028 INFO  ExportHelperExtension.cs: 1152 - Found 0 features of type [RefAxis] in 装配体2
2020-07-26 22:59:59,028 INFO  ExportHelperExtension.cs: 1155 - Proceeding through assembly components
2020-07-26 22:59:59,028 INFO  ExportHelperExtension.cs: 1167 - 1 components to check
2020-07-26 22:59:59,029 INFO  ExportHelperExtension.cs: 1131 - Retrieving features of type [RefAxis] from 零件1-1
2020-07-26 22:59:59,029 INFO  ExportHelperExtension.cs: 1142 - Found 32 in 零件1-1
2020-07-26 22:59:59,030 INFO  ExportHelperExtension.cs: 1152 - Found 0 features of type [RefAxis] in 零件1-1
2020-07-26 22:59:59,120 INFO  SwAddin.cs: 316 - Loading config tree
2020-07-26 22:59:59,121 INFO  ExportPropertyManagerExtension.cs: 597 - Starting new configuration
2020-07-26 22:59:59,122 INFO  SwAddin.cs: 321 - Showing property manager
2020-07-26 23:00:05,311 INFO  ExportPropertyManager.cs: 456 - Configuration saved
2020-07-26 23:00:06,187 INFO  ExportHelperExtension.cs: 1131 - Retrieving features of type [CoordSys] from 装配体2
2020-07-26 23:00:06,187 INFO  ExportHelperExtension.cs: 1142 - Found 27 in 装配体2
2020-07-26 23:00:06,188 INFO  ExportHelperExtension.cs: 1152 - Found 1 features of type [CoordSys] in 装配体2
2020-07-26 23:00:06,188 INFO  ExportHelperExtension.cs: 1155 - Proceeding through assembly components
2020-07-26 23:00:06,188 INFO  ExportHelperExtension.cs: 1167 - 1 components to check
2020-07-26 23:00:06,189 INFO  ExportHelperExtension.cs: 1131 - Retrieving features of type [CoordSys] from 零件1-1
2020-07-26 23:00:06,189 INFO  ExportHelperExtension.cs: 1142 - Found 32 in 零件1-1
2020-07-26 23:00:06,190 INFO  ExportHelperExtension.cs: 1152 - Found 1 features of type [CoordSys] in 零件1-1
2020-07-26 23:00:06,190 INFO  ExportHelperExtension.cs: 1131 - Retrieving features of type [RefAxis] from 装配体2
2020-07-26 23:00:06,190 INFO  ExportHelperExtension.cs: 1142 - Found 27 in 装配体2
2020-07-26 23:00:06,191 INFO  ExportHelperExtension.cs: 1152 - Found 0 features of type [RefAxis] in 装配体2
2020-07-26 23:00:06,191 INFO  ExportHelperExtension.cs: 1155 - Proceeding through assembly components
2020-07-26 23:00:06,191 INFO  ExportHelperExtension.cs: 1167 - 1 components to check
2020-07-26 23:00:06,192 INFO  ExportHelperExtension.cs: 1131 - Retrieving features of type [RefAxis] from 零件1-1
2020-07-26 23:00:06,192 INFO  ExportHelperExtension.cs: 1142 - Found 32 in 零件1-1
2020-07-26 23:00:06,192 INFO  ExportHelperExtension.cs: 1152 - Found 0 features of type [RefAxis] in 零件1-1
2020-07-26 23:00:06,213 INFO  ExportPropertyManager.cs: 1184 - AfterClose called. This method no longer throws an Exception. It just silently does nothing. Ok, except for this logging message
2020-07-26 23:00:13,382 INFO  AssemblyExportForm.cs: 254 - Completing URDF export
2020-07-26 23:00:13,384 INFO  Serialization.cs: 275 - URDF Configuration found
<Link z:Id="i1" xmlns="http://schemas.datacontract.org/2004/07/SW2URDF" xmlns:i="http://www.w3.org/2001/XMLSchema-instance" xmlns:z="http://schemas.microsoft.com/2003/10/Serialization/"><Attributes><Attribute z:Id="i2"><AttributeType>name</AttributeType><IsRequired>true</IsRequired><Value i:type="a:string" xmlns:a="http://www.w3.org/2001/XMLSchema">base_link</Value></Attribute></Attributes><ChildElements><URDFElement z:Id="i3" i:type="Inertial"><Attributes/><ChildElements><URDFElement z:Id="i4" i:type="Origin"><Attributes><Attribute z:Id="i5"><AttributeType>xyz</AttributeType><IsRequired>true</IsRequired><Value i:type="a:ArrayOfdouble" xmlns:a="http://schemas.microsoft.com/2003/10/Serialization/Arrays"><a:double>0</a:double><a:double>0</a:double><a:double>0</a:double></Value></Attribute><Attribute z:Id="i6"><AttributeType>rpy</AttributeType><IsRequired>true</IsRequired><Value i:type="a:ArrayOfdouble" xmlns:a="http://schemas.microsoft.com/2003/10/Serialization/Arrays"><a:double>0</a:double><a:double>0</a:double><a:double>0</a:double></Value></Attribute></Attributes><ChildElements/><ElementName>origin</ElementName><required>false</required><RPYAttribute z:Ref="i6"/><XYZAttribute z:Ref="i5"/><isCustomized>false</isCustomized></URDFElement><URDFElement z:Id="i7" i:type="Mass"><Attributes><Attribute z:Id="i8"><AttributeType>value</AttributeType><IsRequired>true</IsRequired><Value i:type="a:double" xmlns:a="http://www.w3.org/2001/XMLSchema">0</Value></Attribute></Attributes><ChildElements/><ElementName>mass</ElementName><required>false</required><ValueAttribute z:Ref="i8"/></URDFElement><URDFElement z:Id="i9" i:type="Inertia"><Attributes><Attribute z:Id="i10"><AttributeType>ixx</AttributeType><IsRequired>true</IsRequired><Value i:type="a:double" xmlns:a="http://www.w3.org/2001/XMLSchema">0</Value></Attribute><Attribute z:Id="i11"><AttributeType>ixy</AttributeType><IsRequired>true</IsRequired><Value i:type="a:double" xmlns:a="http://www.w3.org/2001/XMLSchema">0</Value></Attribute><Attribute z:Id="i12"><AttributeType>ixz</AttributeType><IsRequired>true</IsRequired><Value i:type="a:double" xmlns:a="http://www.w3.org/2001/XMLSchema">0</Value></Attribute><Attribute z:Id="i13"><AttributeType>iyy</AttributeType><IsRequired>true</IsRequired><Value i:type="a:double" xmlns:a="http://www.w3.org/2001/XMLSchema">0</Value></Attribute><Attribute z:Id="i14"><AttributeType>iyz</AttributeType><IsRequired>true</IsRequired><Value i:type="a:double" xmlns:a="http://www.w3.org/2001/XMLSchema">0</Value></Attribute><Attribute z:Id="i15"><AttributeType>izz</AttributeType><IsRequired>true</IsRequired><Value i:type="a:double" xmlns:a="http://www.w3.org/2001/XMLSchema">0</Value></Attribute></Attributes><ChildElements/><ElementName>inertia</ElementName><required>false</required><IxxAttribute z:Ref="i10"/><IxyAttribute z:Ref="i11"/><IxzAttribute z:Ref="i12"/><IyyAttribute z:Ref="i13"/><IyzAttribute z:Ref="i14"/><IzzAttribute z:Ref="i15"/></URDFElement></ChildElements><ElementName>inertial</ElementName><required>false</required><Inertia z:Ref="i9"/><Mass z:Ref="i7"/><Origin z:Ref="i4"/></URDFElement><URDFElement z:Id="i16" i:type="Visual"><Attributes/><ChildElements><URDFElement z:Id="i17" i:type="Origin"><Attributes><Attribute z:Id="i18"><AttributeType>xyz</AttributeType><IsRequired>true</IsRequired><Value i:type="a:ArrayOfdouble" xmlns:a="http://schemas.microsoft.com/2003/10/Serialization/Arrays"><a:double>0</a:double><a:double>0</a:double><a:double>0</a:double></Value></Attribute><Attribute z:Id="i19"><AttributeType>rpy</AttributeType><IsRequired>true</IsRequired><Value i:type="a:ArrayOfdouble" xmlns:a="http://schemas.microsoft.com/2003/10/Serialization/Arrays"><a:double>0</a:double><a:double>0</a:double><a:double>0</a:double></Value></Attribute></Attributes><ChildElements/><ElementName>origin</ElementName><required>false</required><RPYAttribute z:Ref="i19"/><XYZAttribute z:Ref="i18"/><isCustomized>false</isCustomized></URDFElement><URDFElement z:Id="i20" i:type="Geometry"><Attributes/><ChildElements><URDFElement z:Id="i21" i:type="Mesh"><Attributes><Attribute z:Id="i22"><AttributeType>filename</AttributeType><IsRequired>true</IsRequired><Value i:nil="true"/></Attribute></Attributes><ChildElements/><ElementName>mesh</ElementName><required>false</required><FilenameAttribute z:Ref="i22"/></URDFElement></ChildElements><ElementName>geometry</ElementName><required>true</required><Mesh z:Ref="i21"/></URDFElement><URDFElement z:Id="i23" i:type="Material"><Attributes><Attribute z:Id="i24"><AttributeType>name</AttributeType><IsRequired>true</IsRequired><Value i:type="a:string" xmlns:a="http://www.w3.org/2001/XMLSchema"/></Attribute></Attributes><ChildElements><URDFElement z:Id="i25" i:type="Color"><Attributes><Attribute z:Id="i26"><AttributeType>rgba</AttributeType><IsRequired>true</IsRequired><Value i:type="a:ArrayOfdouble" xmlns:a="http://schemas.microsoft.com/2003/10/Serialization/Arrays"><a:double>1</a:double><a:double>1</a:double><a:double>1</a:double><a:double>1</a:double></Value></Attribute></Attributes><ChildElements/><ElementName>color</ElementName><required>false</required><RGBAAttribute z:Ref="i26"/></URDFElement><URDFElement z:Id="i27" i:type="Texture"><Attributes><Attribute z:Id="i28"><AttributeType>filename</AttributeType><IsRequired>true</IsRequired><Value i:nil="true"/></Attribute></Attributes><ChildElements/><ElementName>texture</ElementName><required>false</required><FilenameAttribute z:Ref="i28"/><wFilename/></URDFElement></ChildElements><ElementName>material</ElementName><required>false</required><Color z:Ref="i25"/><NameAttribute z:Ref="i24"/><Texture z:Ref="i27"/></URDFElement></ChildElements><ElementName>visual</ElementName><required>false</required><Geometry z:Ref="i20"/><Material z:Ref="i23"/><Origin z:Ref="i17"/></URDFElement><URDFElement z:Id="i29" i:type="Collision"><Attributes/><ChildElements><URDFElement z:Id="i30" i:type="Origin"><Attributes><Attribute z:Id="i31"><AttributeType>xyz</AttributeType><IsRequired>true</IsRequired><Value i:type="a:ArrayOfdouble" xmlns:a="http://schemas.microsoft.com/2003/10/Serialization/Arrays"><a:double>0</a:double><a:double>0</a:double><a:double>0</a:double></Value></Attribute><Attribute z:Id="i32"><AttributeType>rpy</AttributeType><IsRequired>true</IsRequired><Value i:type="a:ArrayOfdouble" xmlns:a="http://schemas.microsoft.com/2003/10/Serialization/Arrays"><a:double>0</a:double><a:double>0</a:double><a:double>0</a:double></Value></Attribute></Attributes><ChildElements/><ElementName>origin</ElementName><required>false</required><RPYAttribute z:Ref="i32"/><XYZAttribute z:Ref="i31"/><isCustomized>false</isCustomized></URDFElement><URDFElement z:Id="i33" i:type="Geometry"><Attributes/><ChildElements><URDFElement z:Id="i34" i:type="Mesh"><Attributes><Attribute z:Id="i35"><AttributeType>filename</AttributeType><IsRequired>true</IsRequired><Value i:nil="true"/></Attribute></Attributes><ChildElements/><ElementName>mesh</ElementName><required>false</required><FilenameAttribute z:Ref="i35"/></URDFElement></ChildElements><ElementName>geometry</ElementName><required>true</required><Mesh z:Ref="i34"/></URDFElement></ChildElements><ElementName>collision</ElementName><required>false</required><Geometry z:Ref="i33"/><Origin z:Ref="i30"/></URDFElement><URDFElement z:Id="i36" i:type="Joint"><Attributes><Attribute z:Id="i37"><AttributeType>name</AttributeType><IsRequired>true</IsRequired><Value i:type="a:string" xmlns:a="http://www.w3.org/2001/XMLSchema"/></Attribute><Attribute z:Id="i38"><AttributeType>type</AttributeType><IsRequired>true</IsRequired><Value i:type="a:string" xmlns:a="http://www.w3.org/2001/XMLSchema"/></Attribute></Attributes><ChildElements><URDFElement z:Id="i39" i:type="Origin"><Attributes><Attribute z:Id="i40"><AttributeType>xyz</AttributeType><IsRequired>true</IsRequired><Value i:type="a:ArrayOfdouble" xmlns:a="http://schemas.microsoft.com/2003/10/Serialization/Arrays"><a:double>0</a:double><a:double>0</a:double><a:double>0</a:double></Value></Attribute><Attribute z:Id="i41"><AttributeType>rpy</AttributeType><IsRequired>true</IsRequired><Value i:type="a:ArrayOfdouble" xmlns:a="http://schemas.microsoft.com/2003/10/Serialization/Arrays"><a:double>0</a:double><a:double>0</a:double><a:double>0</a:double></Value></Attribute></Attributes><ChildElements/><ElementName>origin</ElementName><required>false</required><RPYAttribute z:Ref="i41"/><XYZAttribute z:Ref="i40"/><isCustomized>false</isCustomized></URDFElement><URDFElement z:Id="i42" i:type="ParentLink"><Attributes><Attribute z:Id="i43"><AttributeType>link</AttributeType><IsRequired>true</IsRequired><Value i:type="a:string" xmlns:a="http://www.w3.org/2001/XMLSchema"/></Attribute></Attributes><ChildElements/><ElementName>parent</ElementName><required>true</required><NameAttribute z:Ref="i43"/></URDFElement><URDFElement z:Id="i44" i:type="ChildLink"><Attributes><Attribute z:Id="i45"><AttributeType>link</AttributeType><IsRequired>true</IsRequired><Value i:type="a:string" xmlns:a="http://www.w3.org/2001/XMLSchema"/></Attribute></Attributes><ChildElements/><ElementName>child</ElementName><required>true</required><NameAttribute z:Ref="i45"/></URDFElement><URDFElement z:Id="i46" i:type="Axis"><Attributes><Attribute z:Id="i47"><AttributeType>xyz</AttributeType><IsRequired>true</IsRequired><Value i:type="a:ArrayOfdouble" xmlns:a="http://schemas.microsoft.com/2003/10/Serialization/Arrays"><a:double>0</a:double><a:double>0</a:double><a:double>0</a:double></Value></Attribute></Attributes><ChildElements/><ElementName>axis</ElementName><required>false</required><XYZAttribute z:Ref="i47"/></URDFElement><URDFElement z:Id="i48" i:type="Limit"><Attributes><Attribute z:Id="i49"><AttributeType>lower</AttributeType><IsRequired>false</IsRequired><Value i:nil="true"/></Attribute><Attribute z:Id="i50"><AttributeType>upper</AttributeType><IsRequired>false</IsRequired><Value i:nil="true"/></Attribute><Attribute z:Id="i51"><AttributeType>effort</AttributeType><IsRequired>true</IsRequired><Value i:nil="true"/></Attribute><Attribute z:Id="i52"><AttributeType>velocity</AttributeType><IsRequired>true</IsRequired><Value i:nil="true"/></Attribute></Attributes><ChildElements/><ElementName>limit</ElementName><required>false</required><EffortAttribute z:Ref="i51"/><LowerAttribute z:Ref="i49"/><UpperAttribute z:Ref="i50"/><VelocityAttribute z:Ref="i52"/></URDFElement><URDFElement z:Id="i53" i:type="Calibration"><Attributes><Attribute z:Id="i54"><AttributeType>rising</AttributeType><IsRequired>false</IsRequired><Value i:nil="true"/></Attribute><Attribute z:Id="i55"><AttributeType>falling</AttributeType><IsRequired>false</IsRequired><Value i:nil="true"/></Attribute></Attributes><ChildElements/><ElementName>calibration</ElementName><required>false</required><FallingAttribute z:Ref="i55"/><RisingAttribute z:Ref="i54"/></URDFElement><URDFElement z:Id="i56" i:type="Dynamics"><Attributes><Attribute z:Id="i57"><AttributeType>damping</AttributeType><IsRequired>false</IsRequired><Value i:nil="true"/></Attribute><Attribute z:Id="i58"><AttributeType>friction</AttributeType><IsRequired>false</IsRequired><Value i:nil="true"/></Attribute></Attributes><ChildElements/><ElementName>dynamics</ElementName><required>false</required><DampingAttribute z:Ref="i57"/><FrictionAttribute z:Ref="i58"/></URDFElement><URDFElement z:Id="i59" i:type="SafetyController"><Attributes><Attribute z:Id="i60"><AttributeType>soft_upper</AttributeType><IsRequired>false</IsRequired><Value i:nil="true"/></Attribute><Attribute z:Id="i61"><AttributeType>soft_lower</AttributeType><IsRequired>false</IsRequired><Value i:nil="true"/></Attribute><Attribute z:Id="i62"><AttributeType>k_position</AttributeType><IsRequired>false</IsRequired><Value i:nil="true"/></Attribute><Attribute z:Id="i63"><AttributeType>k_velocity</AttributeType><IsRequired>true</IsRequired><Value i:nil="true"/></Attribute></Attributes><ChildElements/><ElementName>safety_controller</ElementName><required>false</required><KPositionAttribute z:Ref="i62"/><KVelocityAttribute z:Ref="i63"/><SoftLowerAttribute z:Ref="i61"/><SoftUpperAttribute z:Ref="i60"/></URDFElement><URDFElement z:Id="i64" i:type="Mimic"><Attributes><Attribute z:Id="i65"><AttributeType>joint</AttributeType><IsRequired>true</IsRequired><Value i:nil="true"/></Attribute><Attribute z:Id="i66"><AttributeType>multiplier</AttributeType><IsRequired>false</IsRequired><Value i:nil="true"/></Attribute><Attribute z:Id="i67"><AttributeType>offset</AttributeType><IsRequired>false</IsRequired><Value i:nil="true"/></Attribute></Attributes><ChildElements/><ElementName>mimic</ElementName><required>false</required><JointNameAttribute z:Ref="i65"/><MultiplierAttribute z:Ref="i66"/><OffsetAttribute z:Ref="i67"/></URDFElement></ChildElements><ElementName>joint</ElementName><required>false</required><Axis z:Ref="i46"/><AxisName/><Calibration z:Ref="i53"/><Child z:Ref="i44"/><CoordinateSystemName>Automatically Generate</CoordinateSystemName><Dynamics z:Ref="i56"/><Limit z:Ref="i48"/><Mimic z:Ref="i64"/><NameAttribute z:Ref="i37"/><Origin z:Ref="i39"/><Parent z:Ref="i42"/><Safety z:Ref="i59"/><TypeAttribute z:Ref="i38"/></URDFElement></ChildElements><ElementName>link</ElementName><required>true</required><Children/><Collision z:Ref="i29"/><Inertial z:Ref="i3"/><Joint z:Ref="i36"/><NameAttribute z:Ref="i2"/><Parent i:nil="true"/><STLQualityFine>false</STLQualityFine><SWComponentPIDs xmlns:a="http://schemas.microsoft.com/2003/10/Serialization/Arrays"><a:base64Binary>yDIAAAUAAAD//v8K9pb2TjEALQAxAEAAxYhNkVNPMgAEAAAAEAAAAAEAAAABAAAAGQAAAA==</a:base64Binary></SWComponentPIDs><SWMainComponentPID i:nil="true"/><Visual z:Ref="i16"/><isFixedFrame>false</isFixedFrame><isIncomplete>false</isIncomplete></Link>
2020-07-26 23:00:26,818 INFO  AssemblyExportForm.cs: 308 - Saving URDF package to M:\suidao2
2020-07-26 23:00:26,818 INFO  ExportHelper.cs: 147 - Beginning the export process
2020-07-26 23:00:26,820 INFO  ExportHelper.cs: 153 - Creating package directories with name suidao2 and save path M:\
2020-07-26 23:00:29,776 INFO  ExportHelper.cs: 162 - Creating CMakeLists.txt at M:\suidao2\CMakeLists.txt
2020-07-26 23:00:29,780 INFO  ExportHelper.cs: 166 - Creating joint names config at M:\suidao2\config\joint_names_suidao2.yaml
2020-07-26 23:00:29,783 INFO  ExportHelper.cs: 170 - Creating package.xml at M:\suidao2\package.xml
2020-07-26 23:00:29,784 INFO  PackageXMLWriter.cs: 21 - Creating package.xml at M:\suidao2\package.xml
2020-07-26 23:00:29,788 INFO  ExportHelper.cs: 177 - Creating RVIZ launch file in M:\suidao2\launch\
2020-07-26 23:00:29,791 INFO  ExportHelper.cs: 182 - Creating Gazebo launch file in M:\suidao2\launch\
2020-07-26 23:00:29,794 INFO  ExportHelper.cs: 187 - Saving existing STL preferences
2020-07-26 23:00:29,795 INFO  ExportHelper.cs: 451 - Saving users preferences
2020-07-26 23:00:29,797 INFO  ExportHelper.cs: 190 - Modifying STL preferences
2020-07-26 23:00:29,798 INFO  ExportHelper.cs: 465 - Setting STL preferences
2020-07-26 23:00:29,800 INFO  ExportHelper.cs: 196 - Found 0 hidden components 
2020-07-26 23:00:29,801 INFO  ExportHelper.cs: 197 - Hiding all components
2020-07-26 23:00:29,889 INFO  ExportHelper.cs: 204 - Beginning individual files export
2020-07-26 23:00:29,892 INFO  ExportHelper.cs: 270 - Exporting link: base_link
2020-07-26 23:00:29,893 INFO  ExportHelper.cs: 272 - Link base_link has 0 children
2020-07-26 23:00:29,893 INFO  ExportHelper.cs: 318 - base_link: Exporting STL with coordinate frame Origin_global
2020-07-26 23:00:29,893 INFO  ExportHelper.cs: 323 - base_link: Reference geometry name 
2020-07-26 23:00:29,910 INFO  ExportHelper.cs: 331 - Saving STL to M:\suidao2\meshes\base_link.STL
2020-07-26 23:00:30,176 INFO  ExportHelper.cs: 406 - Removing SW header in STL file
2020-07-26 23:00:30,177 INFO  ExportHelper.cs: 145 - Showing all components except previously hidden components
2020-07-26 23:00:30,208 INFO  ExportHelper.cs: 145 - Resetting STL preferences
2020-07-26 23:00:30,208 INFO  ExportHelper.cs: 479 - Returning STL preferences to user preferences
2020-07-26 23:00:30,209 INFO  ExportHelper.cs: 228 - Writing URDF file to M:\suidao2\urdf\suidao2.urdf
2020-07-26 23:00:30,214 INFO  CSVImportExport.cs: 32 - Writing CSV file M:\suidao2\urdf\suidao2.csv
2020-07-26 23:00:30,215 ERROR CSVImportExport.cs: 132 - The following columns were not written to the CSV: Link.Joint.ChildLink.link,
2020-07-26 23:00:30,216 INFO  ExportHelper.cs: 234 - Copying log file
2020-07-26 23:00:30,216 INFO  ExportHelper.cs: 440 - Copying C:\Users\Administrator\sw2urdf_logs\sw2urdf.log to M:\suidao2\export.log
